Determining if the pthread_create exist failed with the following output:
Change Dir: /home/apodead/dev/Router-clion/cmake-build-debug/CMakeFiles/CMakeTmp

Run Build Command(s):/usr/bin/make cmTC_e2548/fast 
/usr/bin/make -f CMakeFiles/cmTC_e2548.dir/build.make CMakeFiles/cmTC_e2548.dir/build
make[1]: Entering directory '/home/apodead/dev/Router-clion/cmake-build-debug/CMakeFiles/CMakeTmp'
Building C object CMakeFiles/cmTC_e2548.dir/CheckSymbolExists.c.o
/usr/bin/clang    -o CMakeFiles/cmTC_e2548.dir/CheckSymbolExists.c.o   -c /home/apodead/dev/Router-clion/cmake-build-debug/CMakeFiles/CMakeTmp/CheckSymbolExists.c
Linking C executable cmTC_e2548
/usr/bin/cmake -E cmake_link_script CMakeFiles/cmTC_e2548.dir/link.txt --verbose=1
/usr/bin/clang      CMakeFiles/cmTC_e2548.dir/CheckSymbolExists.c.o  -o cmTC_e2548 
/usr/bin/ld: CMakeFiles/cmTC_e2548.dir/CheckSymbolExists.c.o: in function `main':
CheckSymbolExists.c:(.text+0x7): undefined reference to `pthread_create'
clang-8: error: linker command failed with exit code 1 (use -v to see invocation)
make[1]: *** [CMakeFiles/cmTC_e2548.dir/build.make:87: cmTC_e2548] Error 1
make[1]: Leaving directory '/home/apodead/dev/Router-clion/cmake-build-debug/CMakeFiles/CMakeTmp'
make: *** [Makefile:121: cmTC_e2548/fast] Error 2

File /home/apodead/dev/Router-clion/cmake-build-debug/CMakeFiles/CMakeTmp/CheckSymbolExists.c:
/* */
#include <pthread.h>

int main(int argc, char** argv)
{
  (void)argv;
#ifndef pthread_create
  return ((int*)(&pthread_create))[argc];
#else
  (void)argc;
  return 0;
#endif
}

Determining if the function pthread_create exists in the pthreads failed with the following output:
Change Dir: /home/apodead/dev/Router-clion/cmake-build-debug/CMakeFiles/CMakeTmp

Run Build Command(s):/usr/bin/make cmTC_a46c8/fast 
/usr/bin/make -f CMakeFiles/cmTC_a46c8.dir/build.make CMakeFiles/cmTC_a46c8.dir/build
make[1]: Entering directory '/home/apodead/dev/Router-clion/cmake-build-debug/CMakeFiles/CMakeTmp'
Building C object CMakeFiles/cmTC_a46c8.dir/CheckFunctionExists.c.o
/usr/bin/clang   -DCHECK_FUNCTION_EXISTS=pthread_create   -o CMakeFiles/cmTC_a46c8.dir/CheckFunctionExists.c.o   -c /usr/share/cmake-3.14/Modules/CheckFunctionExists.c
Linking C executable cmTC_a46c8
/usr/bin/cmake -E cmake_link_script CMakeFiles/cmTC_a46c8.dir/link.txt --verbose=1
/usr/bin/clang  -DCHECK_FUNCTION_EXISTS=pthread_create    CMakeFiles/cmTC_a46c8.dir/CheckFunctionExists.c.o  -o cmTC_a46c8 -lpthreads 
/usr/bin/ld: cannot find -lpthreads
clang-8: error: linker command failed with exit code 1 (use -v to see invocation)
make[1]: *** [CMakeFiles/cmTC_a46c8.dir/build.make:87: cmTC_a46c8] Error 1
make[1]: Leaving directory '/home/apodead/dev/Router-clion/cmake-build-debug/CMakeFiles/CMakeTmp'
make: *** [Makefile:121: cmTC_a46c8/fast] Error 2


